
> vite_react_shadcn_ts@0.0.0 build
> vite build

[36mvite v5.4.21 [32mbuilding for production...[36m[39m
transforming...
[32mÔ£ô[39m 4352 modules transformed.
rendering chunks...
[plugin:vite:reporter] [plugin vite:reporter] 
(!) C:/Users/chems/Downloads/cstream-4/cstream-4/project/node_modules/sonner/dist/index.mjs is dynamically imported by C:/Users/chems/Downloads/cstream-4/cstream-4/project/src/hooks/useAuth.tsx, C:/Users/chems/Downloads/cstream-4/cstream-4/project/src/hooks/useStreak.ts, C:/Users/chems/Downloads/cstream-4/cstream-4/project/src/hooks/useStreak.ts but also statically imported by C:/Users/chems/Downloads/cstream-4/cstream-4/project/src/components/ImportedSourceSelector.tsx, C:/Users/chems/Downloads/cstream-4/cstream-4/project/src/components/MediaCard.tsx, C:/Users/chems/Downloads/cstream-4/cstream-4/project/src/components/Navbar.tsx, C:/Users/chems/Downloads/cstream-4/cstream-4/project/src/components/ReviewsSection.tsx, C:/Users/chems/Downloads/cstream-4/cstream-4/project/src/components/ShareWidget.tsx, C:/Users/chems/Downloads/cstream-4/cstream-4/project/src/components/UniversalPlayer.tsx, C:/Users/chems/Downloads/cstream-4/cstream-4/project/src/components/admin/ContactMessagesTab.tsx, C:/Users/chems/Downloads/cstream-4/cstream-4/project/src/components/admin/MonitoringTab.tsx, C:/Users/chems/Downloads/cstream-4/cstream-4/project/src/components/admin/RoleManagementPanel.tsx, C:/Users/chems/Downloads/cstream-4/cstream-4/project/src/components/ui/sonner.tsx, C:/Users/chems/Downloads/cstream-4/cstream-4/project/src/hooks/useAdminRealtime.ts, C:/Users/chems/Downloads/cstream-4/cstream-4/project/src/pages/AddFriend.tsx, C:/Users/chems/Downloads/cstream-4/cstream-4/project/src/pages/Admin.tsx, C:/Users/chems/Downloads/cstream-4/cstream-4/project/src/pages/AnimeAnilistDetail.tsx, C:/Users/chems/Downloads/cstream-4/cstream-4/project/src/pages/Auth.tsx, C:/Users/chems/Downloads/cstream-4/cstream-4/project/src/pages/Beta.tsx, C:/Users/chems/Downloads/cstream-4/cstream-4/project/src/pages/ConsumetTest.tsx, C:/Users/chems/Downloads/cstream-4/cstream-4/project/src/pages/Contact.tsx, C:/Users/chems/Downloads/cstream-4/cstream-4/project/src/pages/Creator.tsx, C:/Users/chems/Downloads/cstream-4/cstream-4/project/src/pages/Live.tsx, C:/Users/chems/Downloads/cstream-4/cstream-4/project/src/pages/MovieDetail.tsx, C:/Users/chems/Downloads/cstream-4/cstream-4/project/src/pages/Planning.tsx, C:/Users/chems/Downloads/cstream-4/cstream-4/project/src/pages/PlayerPage.tsx, C:/Users/chems/Downloads/cstream-4/cstream-4/project/src/pages/Profile.tsx, C:/Users/chems/Downloads/cstream-4/cstream-4/project/src/pages/Settings.tsx, C:/Users/chems/Downloads/cstream-4/cstream-4/project/src/pages/TVDetail.tsx, C:/Users/chems/Downloads/cstream-4/cstream-4/project/src/pages/Test.tsx, C:/Users/chems/Downloads/cstream-4/cstream-4/project/src/pages/Verify.tsx, C:/Users/chems/Downloads/cstream-4/cstream-4/project/src/pages/WatchPage.tsx, C:/Users/chems/Downloads/cstream-4/cstream-4/project/src/pages/test/MangaScraper.tsx, dynamic import will not move module into another chunk.

[2mdist/[22m[32mregisterSW.js                              [39m[1m[2m    0.13 kB[22m[1m[22m
[2mdist/[22m[32mmanifest.webmanifest                       [39m[1m[2m    0.55 kB[22m[1m[22m
[2mdist/[22m[32mindex.html                                 [39m[1m[2m   13.77 kB[22m[1m[22m
[2mdist/[22m[35massets/Navbar-Bu7bn7Si.css                 [39m[1m[2m    1.51 kB[22m[1m[22m
[2mdist/[22m[35massets/Home-D2Vc0FuF.css                   [39m[1m[2m    6.34 kB[22m[1m[22m
[2mdist/[22m[35massets/index-CkwydzUC.css                  [39m[1m[2m  333.58 kB[22m[1m[22m
[2mdist/[22m[36massets/chevron-left-COTPNLib.js            [39m[1m[2m    0.13 kB[22m[1m[22m
[2mdist/[22m[36massets/loader-circle-BNrBe41R.js           [39m[1m[2m    0.14 kB[22m[1m[22m
[2mdist/[22m[36massets/message-circle-AzMvCYGA.js          [39m[1m[2m    0.14 kB[22m[1m[22m
[2mdist/[22m[36massets/filter-sC2DO8lD.js                  [39m[1m[2m    0.16 kB[22m[1m[22m
[2mdist/[22m[36massets/bookmark-BxyNqLb4.js                [39m[1m[2m    0.16 kB[22m[1m[22m
[2mdist/[22m[36massets/search-BHBSLsgo.js                  [39m[1m[2m    0.16 kB[22m[1m[22m
[2mdist/[22m[36massets/bold-DuCxUUzT.js                    [39m[1m[2m    0.17 kB[22m[1m[22m
[2mdist/[22m[36massets/clock-DzhdrCQo.js                   [39m[1m[2m    0.18 kB[22m[1m[22m
[2mdist/[22m[36massets/useContentSettings-3UknZvy8.js      [39m[1m[2m    0.19 kB[22m[1m[22m
[2mdist/[22m[36massets/rotate-ccw-DY_vodHr.js              [39m[1m[2m    0.20 kB[22m[1m[22m
[2mdist/[22m[36massets/trending-up-HKZEYclC.js             [39m[1m[2m    0.20 kB[22m[1m[22m
[2mdist/[22m[36massets/lock-C7xo01RS.js                    [39m[1m[2m    0.20 kB[22m[1m[22m
[2mdist/[22m[36massets/copy-BS9XfQkq.js                    [39m[1m[2m    0.23 kB[22m[1m[22m
[2mdist/[22m[36massets/circle-help-9zeHSzEG.js             [39m[1m[2m    0.23 kB[22m[1m[22m
[2mdist/[22m[36massets/activity-CA4TDlIK.js                [39m[1m[2m    0.23 kB[22m[1m[22m
[2mdist/[22m[36massets/timer-D5bJ3vPF.js                   [39m[1m[2m    0.24 kB[22m[1m[22m
[2mdist/[22m[36massets/globe-4H6Xtg7c.js                   [39m[1m[2m    0.24 kB[22m[1m[22m
[2mdist/[22m[36massets/circle-alert-SdnqiOne.js            [39m[1m[2m    0.25 kB[22m[1m[22m
[2mdist/[22m[36massets/map-pin-B4OqWu4z.js                 [39m[1m[2m    0.25 kB[22m[1m[22m
[2mdist/[22m[36massets/link-CkD_DTHF.js                    [39m[1m[2m    0.25 kB[22m[1m[22m
[2mdist/[22m[36massets/zap-BR-h19hB.js                     [39m[1m[2m    0.26 kB[22m[1m[22m
[2mdist/[22m[36massets/image-DInfQluZ.js                   [39m[1m[2m    0.27 kB[22m[1m[22m
[2mdist/[22m[36massets/flame-DRjDZIGF.js                   [39m[1m[2m    0.28 kB[22m[1m[22m
[2mdist/[22m[36massets/book-open-CeTsoAMF.js               [39m[1m[2m    0.28 kB[22m[1m[22m
[2mdist/[22m[36massets/send-CHuAujfx.js                    [39m[1m[2m    0.29 kB[22m[1m[22m
[2mdist/[22m[36massets/thumbs-up-BvhUKZp_.js               [39m[1m[2m    0.30 kB[22m[1m[22m
[2mdist/[22m[36massets/refresh-cw-bpgiTu6Z.js              [39m[1m[2m    0.32 kB[22m[1m[22m
[2mdist/[22m[36massets/save-DrzmrHbD.js                    [39m[1m[2m    0.32 kB[22m[1m[22m
[2mdist/[22m[36massets/file-text-CGfNbXyj.js               [39m[1m[2m    0.33 kB[22m[1m[22m
[2mdist/[22m[36massets/server-DCx6pOAi.js                  [39m[1m[2m    0.34 kB[22m[1m[22m
[2mdist/[22m[36massets/share-2-BZXsC9dH.js                 [39m[1m[2m    0.35 kB[22m[1m[22m
[2mdist/[22m[36massets/layers-CnnR7yUI.js                  [39m[1m[2m    0.36 kB[22m[1m[22m
[2mdist/[22m[36massets/upload-BSMj3yue.js                  [39m[1m[2m    0.37 kB[22m[1m[22m
[2mdist/[22m[36massets/log-out-DkZQItxK.js                 [39m[1m[2m    0.40 kB[22m[1m[22m
[2mdist/[22m[36massets/lightbulb-CcqN8DSm.js               [39m[1m[2m    0.40 kB[22m[1m[22m
[2mdist/[22m[36massets/eye-off-qFBtOG4C.js                 [39m[1m[2m    0.43 kB[22m[1m[22m
[2mdist/[22m[36massets/sliders-horizontal-CZ9T98M0.js      [39m[1m[2m    0.58 kB[22m[1m[22m
[2mdist/[22m[36massets/plus-BFKHvqkc.js                    [39m[1m[2m    0.59 kB[22m[1m[22m
[2mdist/[22m[36massets/textarea-Bh5PO70W.js                [39m[1m[2m    0.63 kB[22m[1m[22m
[2mdist/[22m[36massets/label-DO1sfK-S.js                   [39m[1m[2m    1.04 kB[22m[1m[22m
[2mdist/[22m[36massets/NotFound-D6bdy1oM.js                [39m[1m[2m    1.34 kB[22m[1m[22m
[2mdist/[22m[36massets/jikan-DuEKYP5i.js                   [39m[1m[2m    1.67 kB[22m[1m[22m
[2mdist/[22m[36massets/badge-BfyL61eH.js                   [39m[1m[2m    1.78 kB[22m[1m[22m
[2mdist/[22m[36massets/card-BVSQ0ycQ.js                    [39m[1m[2m    1.84 kB[22m[1m[22m
[2mdist/[22m[36massets/LoadMoreButton-ztYbql-V.js          [39m[1m[2m    1.98 kB[22m[1m[22m
[2mdist/[22m[36massets/useNotifications-DGGmmxxc.js        [39m[1m[2m    2.55 kB[22m[1m[22m
[2mdist/[22m[36massets/tabs-CFTVxTg2.js                    [39m[1m[2m    3.66 kB[22m[1m[22m
[2mdist/[22m[36massets/avatar-DRJqtr8y.js                  [39m[1m[2m    3.94 kB[22m[1m[22m
[2mdist/[22m[36massets/index-CKPMhpuZ.js                   [39m[1m[2m    4.21 kB[22m[1m[22m
[2mdist/[22m[36massets/CloudHint-UK7ZuTYH.js               [39m[1m[2m    4.50 kB[22m[1m[22m
[2mdist/[22m[36massets/Pagination-COKGM-98.js              [39m[1m[2m    4.68 kB[22m[1m[22m
[2mdist/[22m[36massets/SEO-C9e47S_B.js                     [39m[1m[2m    5.37 kB[22m[1m[22m
[2mdist/[22m[36massets/ImportedSourceSelector-BAkDt_54.js  [39m[1m[2m    6.75 kB[22m[1m[22m
[2mdist/[22m[36massets/useWatchHistory-90wVhG38.js         [39m[1m[2m    6.92 kB[22m[1m[22m
[2mdist/[22m[36massets/slider-LykHQhxG.js                  [39m[1m[2m    8.82 kB[22m[1m[22m
[2mdist/[22m[36massets/MediaGrid-DwV4GE5-.js               [39m[1m[2m    9.14 kB[22m[1m[22m
[2mdist/[22m[36massets/Actors-BcCVtql7.js                  [39m[1m[2m    9.16 kB[22m[1m[22m
[2mdist/[22m[36massets/PersonDetail-CzjlZ5ZZ.js            [39m[1m[2m    9.87 kB[22m[1m[22m
[2mdist/[22m[36massets/MangaScraper-BXCKMplZ.js            [39m[1m[2m   11.92 kB[22m[1m[22m
[2mdist/[22m[36massets/Verify-ROh8tTg8.js                  [39m[1m[2m   12.07 kB[22m[1m[22m
[2mdist/[22m[36massets/AnimeAnilistDetail-BUEr_diR.js      [39m[1m[2m   17.26 kB[22m[1m[22m
[2mdist/[22m[36massets/TestPage-BWih0Q6-.js                [39m[1m[2m   17.31 kB[22m[1m[22m
[2mdist/[22m[36massets/Contact-D6JcYXQa.js                 [39m[1m[2m   17.38 kB[22m[1m[22m
[2mdist/[22m[36massets/Test-Bxd9hEBl.js                    [39m[1m[2m   17.40 kB[22m[1m[22m
[2mdist/[22m[36massets/Trending-C4hvshq-.js                [39m[1m[2m   17.65 kB[22m[1m[22m
[2mdist/[22m[36massets/FAQ-B3Muik6V.js                     [39m[1m[2m   19.38 kB[22m[1m[22m
[2mdist/[22m[36massets/Dashboard-BlQrUvPq.js               [39m[1m[2m   19.45 kB[22m[1m[22m
[2mdist/[22m[36massets/Manga-BRQJh6SG.js                   [39m[1m[2m   22.61 kB[22m[1m[22m
[2mdist/[22m[36massets/Auth-Czn-jnYg.js                    [39m[1m[2m   22.97 kB[22m[1m[22m
[2mdist/[22m[36massets/MediaCard-BFsV8qQa.js               [39m[1m[2m   23.02 kB[22m[1m[22m
[2mdist/[22m[36massets/Beta-BRr7_MBC.js                    [39m[1m[2m   24.64 kB[22m[1m[22m
[2mdist/[22m[36massets/select-CcWthrn3.js                  [39m[1m[2m   24.83 kB[22m[1m[22m
[2mdist/[22m[36massets/TV-xGUHyQGG.js                      [39m[1m[2m   25.35 kB[22m[1m[22m
[2mdist/[22m[36massets/Movies-BK82Wkdg.js                  [39m[1m[2m   25.36 kB[22m[1m[22m
[2mdist/[22m[36massets/Footer-C3OUOtbC.js                  [39m[1m[2m   25.44 kB[22m[1m[22m
[2mdist/[22m[36massets/Anime-CUlSoj-f.js                   [39m[1m[2m   25.62 kB[22m[1m[22m
[2mdist/[22m[36massets/Stats-DjwOgZnE.js                   [39m[1m[2m   25.75 kB[22m[1m[22m
[2mdist/[22m[36massets/dialog-GUfiFVXz.js                  [39m[1m[2m   26.09 kB[22m[1m[22m
[2mdist/[22m[36massets/ConsumetTest-lmzfWxy3.js            [39m[1m[2m   26.22 kB[22m[1m[22m
[2mdist/[22m[36massets/scroll-area-CJrjEzXD.js             [39m[1m[2m   26.44 kB[22m[1m[22m
[2mdist/[22m[36massets/AddFriend-Ddco56N_.js               [39m[1m[2m   28.65 kB[22m[1m[22m
[2mdist/[22m[36massets/LiveTV-V6n13jrF.js                  [39m[1m[2m   29.83 kB[22m[1m[22m
[2mdist/[22m[36massets/Live-DoUDDlnQ.js                    [39m[1m[2m   30.84 kB[22m[1m[22m
[2mdist/[22m[36massets/Settings-CF8qepxx.js                [39m[1m[2m   32.11 kB[22m[1m[22m
[2mdist/[22m[36massets/Agent-B4SMsUWi.js                   [39m[1m[2m   36.27 kB[22m[1m[22m
[2mdist/[22m[36massets/anilist-VfIYpNlD.js                 [39m[1m[2m   39.53 kB[22m[1m[22m
[2mdist/[22m[36massets/SourceSelectorList-DHaIo0Fs.js      [39m[1m[2m   47.95 kB[22m[1m[22m
[2mdist/[22m[36massets/useLocalAndSyncSources-bn4J_4gF.js  [39m[1m[2m   47.97 kB[22m[1m[22m
[2mdist/[22m[36massets/PlayerPage-B57a6dcm.js              [39m[1m[2m   49.08 kB[22m[1m[22m
[2mdist/[22m[36massets/Planning-BdXH6sly.js                [39m[1m[2m   54.37 kB[22m[1m[22m
[2mdist/[22m[36massets/WatchPage-CcLZuN3B.js               [39m[1m[2m   55.96 kB[22m[1m[22m
[2mdist/[22m[36massets/Creator-CsqQQDtk.js                 [39m[1m[2m   56.95 kB[22m[1m[22m
[2mdist/[22m[36massets/TVDetail-j7qixx6q.js                [39m[1m[2m   98.28 kB[22m[1m[22m
[2mdist/[22m[36massets/MovieDetail-DE-huIsi.js             [39m[1m[2m  136.56 kB[22m[1m[22m
[2mdist/[22m[36massets/Radio--F2O0_UU.js                   [39m[1m[2m  154.48 kB[22m[1m[22m
[2mdist/[22m[36massets/Navbar-mlc0Ioed.js                  [39m[1m[2m  196.51 kB[22m[1m[22m
[2mdist/[22m[36massets/Home-B5ORAgxV.js                    [39m[1m[2m  232.64 kB[22m[1m[22m
[2mdist/[22m[36massets/PieChart-BYHDHNFR.js                [39m[1m[2m  412.59 kB[22m[1m[22m
[2mdist/[22m[36massets/Profile-Gdm9CXtg.js                 [39m[1m[2m  428.16 kB[22m[1m[22m
[2mdist/[22m[36massets/Admin-BFUr8rWv.js                   [39m[1m[2m  468.68 kB[22m[1m[22m
[2mdist/[22m[36massets/index-DZZZqET5.js                   [39m[1m[2m1,083.88 kB[22m[1m[22m
[32mÔ£ô built in 19.11s[39m

PWA v1.2.0
mode      generateSW
precache  112 entries (4584.26 KiB)
files generated
  dist/sw.js
  dist/workbox-5a5d9309.js
